#
# There is insufficient memory for the Java Runtime Environment to continue.
# Native memory allocation (malloc) failed to allocate 32744 bytes for ChunkPool::allocate
# Possible reasons:
#   The system is out of physical RAM or swap space
#   The process is running with CompressedOops enabled, and the Java Heap may be blocking the growth of the native heap
# Possible solutions:
#   Reduce memory load on the system
#   Increase physical memory or swap space
#   Check if swap backing store is full
#   Decrease Java heap size (-Xmx/-Xms)
#   Decrease number of Java threads
#   Decrease Java thread stack sizes (-Xss)
#   Set larger code cache with -XX:ReservedCodeCacheSize=
#   JVM is running with Unscaled Compressed Oops mode in which the Java heap is
#     placed in the first 4GB address space. The Java Heap base address is the
#     maximum limit for the native heap growth. Please use -XX:HeapBaseMinAddress
#     to set the Java Heap base and to place the Java Heap above 4GB virtual address.
# This output file may be truncated or incomplete.
#
#  Out of Memory Error (allocation.cpp:272), pid=10040, tid=0x00000000000007e8
#
# JRE version: Java(TM) SE Runtime Environment (8.0_321-b07) (build 1.8.0_321-b07)
# Java VM: Java HotSpot(TM) 64-Bit Server VM (25.321-b07 mixed mode windows-amd64 compressed oops)
# Failed to write core dump. Minidumps are not enabled by default on client versions of Windows
#

---------------  T H R E A D  ---------------

Current thread (0x0000020da848a800):  JavaThread "C1 CompilerThread1" daemon [_thread_in_vm, id=2024, stack(0x0000009365000000,0x0000009365100000)]

Stack: [0x0000009365000000,0x0000009365100000]
Native frames: (J=compiled Java code, j=interpreted, Vv=VM code, C=native code)
V  [jvm.dll+0x32fc49]


Current CompileTask:
C1:  19880 3724       3       org.apache.http.protocol.BasicHttpContext::getAttribute (42 bytes)


---------------  P R O C E S S  ---------------

Java Threads: ( => current thread )
  0x0000020da9780800 JavaThread "Exec Stream Pumper" daemon [_thread_in_native, id=224, stack(0x0000009365700000,0x0000009365800000)]
  0x0000020da9d9e000 JavaThread "Exec Stream Pumper" daemon [_thread_in_native, id=12248, stack(0x0000009365600000,0x0000009365700000)]
  0x0000020da9781800 JavaThread "UrlChecker-2" daemon [_thread_blocked, id=11944, stack(0x0000009365500000,0x0000009365600000)]
  0x0000020dab003800 JavaThread "Exec Default Executor" daemon [_thread_in_native, id=11052, stack(0x0000009365400000,0x0000009365500000)]
  0x0000020da9b69000 JavaThread "ReaderThread" [_thread_in_native, id=3628, stack(0x0000009365300000,0x0000009365400000)]
  0x0000020da84f5800 JavaThread "Service Thread" daemon [_thread_blocked, id=15296, stack(0x0000009365100000,0x0000009365200000)]
=>0x0000020da848a800 JavaThread "C1 CompilerThread1" daemon [_thread_in_vm, id=2024, stack(0x0000009365000000,0x0000009365100000)]
  0x0000020da8484800 JavaThread "C2 CompilerThread0" daemon [_thread_in_native, id=11660, stack(0x0000009364f00000,0x0000009365000000)]
  0x0000020da8483000 JavaThread "Attach Listener" daemon [_thread_blocked, id=15188, stack(0x0000009364e00000,0x0000009364f00000)]
  0x0000020da8481800 JavaThread "Signal Dispatcher" daemon [_thread_blocked, id=5796, stack(0x0000009364d00000,0x0000009364e00000)]
  0x0000020da845d000 JavaThread "Finalizer" daemon [_thread_blocked, id=6624, stack(0x0000009364c00000,0x0000009364d00000)]
  0x0000020da8451800 JavaThread "Reference Handler" daemon [_thread_blocked, id=11572, stack(0x0000009364b00000,0x0000009364c00000)]
  0x0000020d91f60000 JavaThread "Forwarding isElementDisplayed on session 14cc1c1cf7c4b3731ee6c2d19d2b392e to remote" [_thread_in_native, id=7808, stack(0x0000009364700000,0x0000009364800000)]

Other Threads:
  0x0000020da8428000 VMThread [stack: 0x0000009364a00000,0x0000009364b00000] [id=14744]
  0x0000020da84fc800 WatcherThread [stack: 0x0000009365200000,0x0000009365300000] [id=14760]

VM state:not at safepoint (normal execution)

VM Mutex/Monitor currently owned by a thread: None

heap address: 0x0000000080000000, size: 2048 MB, Compressed Oops mode: 32-bit
Narrow klass base: 0x0000000000000000, Narrow klass shift: 3
Compressed class space size: 1073741824 Address: 0x0000000100000000

Heap:
 PSYoungGen      total 147968K, used 82560K [0x00000000d5580000, 0x00000000df580000, 0x0000000100000000)
  eden space 133120K, 62% used [0x00000000d5580000,0x00000000da620348,0x00000000dd780000)
  from space 14848K, 0% used [0x00000000de700000,0x00000000de700000,0x00000000df580000)
  to   space 15360K, 0% used [0x00000000dd780000,0x00000000dd780000,0x00000000de680000)
 ParOldGen       total 76288K, used 20601K [0x0000000080000000, 0x0000000084a80000, 0x00000000d5580000)
  object space 76288K, 27% used [0x0000000080000000,0x000000008141e5b0,0x0000000084a80000)
 Metaspace       used 29585K, capacity 30266K, committed 30592K, reserved 1075200K
  class space    used 3894K, capacity 4107K, committed 4224K, reserved 1048576K

Card table byte_map: [0x0000020da2ec0000,0x0000020da32d0000] byte_map_base: 0x0000020da2ac0000

Marking Bits: (ParMarkBitMap*) 0x00000000760a9030
 Begin Bits: [0x0000020da3580000, 0x0000020da5580000)
 End Bits:   [0x0000020da5580000, 0x0000020da7580000)

Polling page: 0x0000020d91ea0000

CodeCache: size=245760Kb used=10701Kb max_used=12102Kb free=235058Kb
 bounds [0x0000020d93b00000, 0x0000020d94700000, 0x0000020da2b00000]
 total_blobs=3725 nmethods=3276 adapters=360
 compilation: enabled

Compilation events (10 events):
Event: 19.820 Thread 0x0000020da848a800 3719       1       java.text.DecimalFormatSymbols::getZeroDigit (5 bytes)
Event: 19.820 Thread 0x0000020da848a800 nmethod 3719 0x0000020d93f3cb50 code [0x0000020d93f3cca0, 0x0000020d93f3cdb8]
Event: 19.820 Thread 0x0000020da848a800 3720       3       java.util.Formatter::ensureOpen (16 bytes)
Event: 19.821 Thread 0x0000020da848a800 nmethod 3720 0x0000020d93c40f90 code [0x0000020d93c41100, 0x0000020d93c41310]
Event: 19.833 Thread 0x0000020da8484800 3721       4       java.util.regex.Pattern$LastNode::match (45 bytes)
Event: 19.834 Thread 0x0000020da8484800 nmethod 3721 0x0000020d93fa2b10 code [0x0000020d93fa2c40, 0x0000020d93fa2cf8]
Event: 19.837 Thread 0x0000020da848a800 3722       3       java.io.StringWriter::write (10 bytes)
Event: 19.838 Thread 0x0000020da848a800 nmethod 3722 0x0000020d93c2a090 code [0x0000020d93c2a200, 0x0000020d93c2a610]
Event: 19.839 Thread 0x0000020da8484800 3723 %     4       com.google.gson.stream.JsonWriter::string @ 37 (169 bytes)
Event: 19.842 Thread 0x0000020da848a800 3724       3       org.apache.http.protocol.BasicHttpContext::getAttribute (42 bytes)

GC Heap History (10 events):
Event: 4.313 GC heap before
{Heap before GC invocations=3 (full 0):
 PSYoungGen      total 38400K, used 38385K [0x00000000d5580000, 0x00000000d8000000, 0x0000000100000000)
  eden space 33280K, 100% used [0x00000000d5580000,0x00000000d7600000,0x00000000d7600000)
  from space 5120K, 99% used [0x00000000d7b00000,0x00000000d7ffc610,0x00000000d8000000)
  to   space 5120K, 0% used [0x00000000d7600000,0x00000000d7600000,0x00000000d7b00000)
 ParOldGen       total 87552K, used 1169K [0x0000000080000000, 0x0000000085580000, 0x00000000d5580000)
  object space 87552K, 1% used [0x0000000080000000,0x0000000080124610,0x0000000085580000)
 Metaspace       used 18468K, capacity 18856K, committed 18944K, reserved 1064960K
  class space    used 2438K, capacity 2558K, committed 2560K, reserved 1048576K
Event: 4.330 GC heap after
Heap after GC invocations=3 (full 0):
 PSYoungGen      total 38400K, used 5094K [0x00000000d5580000, 0x00000000da080000, 0x0000000100000000)
  eden space 33280K, 0% used [0x00000000d5580000,0x00000000d5580000,0x00000000d7600000)
  from space 5120K, 99% used [0x00000000d7600000,0x00000000d7af9b28,0x00000000d7b00000)
  to   space 5120K, 0% used [0x00000000d9b80000,0x00000000d9b80000,0x00000000da080000)
 ParOldGen       total 87552K, used 6639K [0x0000000080000000, 0x0000000085580000, 0x00000000d5580000)
  object space 87552K, 7% used [0x0000000080000000,0x000000008067bdb0,0x0000000085580000)
 Metaspace       used 18468K, capacity 18856K, committed 18944K, reserved 1064960K
  class space    used 2438K, capacity 2558K, committed 2560K, reserved 1048576K
}
Event: 4.721 GC heap before
{Heap before GC invocations=4 (full 0):
 PSYoungGen      total 38400K, used 38374K [0x00000000d5580000, 0x00000000da080000, 0x0000000100000000)
  eden space 33280K, 100% used [0x00000000d5580000,0x00000000d7600000,0x00000000d7600000)
  from space 5120K, 99% used [0x00000000d7600000,0x00000000d7af9b28,0x00000000d7b00000)
  to   space 5120K, 0% used [0x00000000d9b80000,0x00000000d9b80000,0x00000000da080000)
 ParOldGen       total 87552K, used 6639K [0x0000000080000000, 0x0000000085580000, 0x00000000d5580000)
  object space 87552K, 7% used [0x0000000080000000,0x000000008067bdb0,0x0000000085580000)
 Metaspace       used 18866K, capacity 19206K, committed 19584K, reserved 1067008K
  class space    used 2445K, capacity 2561K, committed 2688K, reserved 1048576K
Event: 4.734 GC heap after
Heap after GC invocations=4 (full 0):
 PSYoungGen      total 71680K, used 5098K [0x00000000d5580000, 0x00000000da080000, 0x0000000100000000)
  eden space 66560K, 0% used [0x00000000d5580000,0x00000000d5580000,0x00000000d9680000)
  from space 5120K, 99% used [0x00000000d9b80000,0x00000000da07a9e0,0x00000000da080000)
  to   space 5120K, 0% used [0x00000000d9680000,0x00000000d9680000,0x00000000d9b80000)
 ParOldGen       total 87552K, used 9045K [0x0000000080000000, 0x0000000085580000, 0x00000000d5580000)
  object space 87552K, 10% used [0x0000000080000000,0x00000000808d56d0,0x0000000085580000)
 Metaspace       used 18866K, capacity 19206K, committed 19584K, reserved 1067008K
  class space    used 2445K, capacity 2561K, committed 2688K, reserved 1048576K
}
Event: 5.412 GC heap before
{Heap before GC invocations=5 (full 0):
 PSYoungGen      total 71680K, used 71658K [0x00000000d5580000, 0x00000000da080000, 0x0000000100000000)
  eden space 66560K, 100% used [0x00000000d5580000,0x00000000d9680000,0x00000000d9680000)
  from space 5120K, 99% used [0x00000000d9b80000,0x00000000da07a9e0,0x00000000da080000)
  to   space 5120K, 0% used [0x00000000d9680000,0x00000000d9680000,0x00000000d9b80000)
 ParOldGen       total 87552K, used 9045K [0x0000000080000000, 0x0000000085580000, 0x00000000d5580000)
  object space 87552K, 10% used [0x0000000080000000,0x00000000808d56d0,0x0000000085580000)
 Metaspace       used 19643K, capacity 20052K, committed 20352K, reserved 1067008K
  class space    used 2518K, capacity 2638K, committed 2688K, reserved 1048576K
Event: 5.438 GC heap after
Heap after GC invocations=5 (full 0):
 PSYoungGen      total 71680K, used 5118K [0x00000000d5580000, 0x00000000df680000, 0x0000000100000000)
  eden space 66560K, 0% used [0x00000000d5580000,0x00000000d5580000,0x00000000d9680000)
  from space 5120K, 99% used [0x00000000d9680000,0x00000000d9b7f8a0,0x00000000d9b80000)
  to   space 15872K, 0% used [0x00000000de700000,0x00000000de700000,0x00000000df680000)
 ParOldGen       total 87552K, used 19558K [0x0000000080000000, 0x0000000085580000, 0x00000000d5580000)
  object space 87552K, 22% used [0x0000000080000000,0x0000000081319990,0x0000000085580000)
 Metaspace       used 19643K, capacity 20052K, committed 20352K, reserved 1067008K
  class space    used 2518K, capacity 2638K, committed 2688K, reserved 1048576K
}
Event: 5.745 GC heap before
{Heap before GC invocations=6 (full 0):
 PSYoungGen      total 71680K, used 17859K [0x00000000d5580000, 0x00000000df680000, 0x0000000100000000)
  eden space 66560K, 19% used [0x00000000d5580000,0x00000000d61f1500,0x00000000d9680000)
  from space 5120K, 99% used [0x00000000d9680000,0x00000000d9b7f8a0,0x00000000d9b80000)
  to   space 15872K, 0% used [0x00000000de700000,0x00000000de700000,0x00000000df680000)
 ParOldGen       total 87552K, used 19558K [0x0000000080000000, 0x0000000085580000, 0x00000000d5580000)
  object space 87552K, 22% used [0x0000000080000000,0x0000000081319990,0x0000000085580000)
 Metaspace       used 20770K, capacity 21206K, committed 21248K, reserved 1067008K
  class space    used 2654K, capacity 2805K, committed 2816K, reserved 1048576K
Event: 5.775 GC heap after
Heap after GC invocations=6 (full 0):
 PSYoungGen      total 147968K, used 6080K [0x00000000d5580000, 0x00000000df580000, 0x0000000100000000)
  eden space 133120K, 0% used [0x00000000d5580000,0x00000000d5580000,0x00000000dd780000)
  from space 14848K, 40% used [0x00000000de700000,0x00000000decf00e0,0x00000000df580000)
  to   space 15360K, 0% used [0x00000000dd780000,0x00000000dd780000,0x00000000de680000)
 ParOldGen       total 87552K, used 19558K [0x0000000080000000, 0x0000000085580000, 0x00000000d5580000)
  object space 87552K, 22% used [0x0000000080000000,0x0000000081319990,0x0000000085580000)
 Metaspace       used 20770K, capacity 21206K, committed 21248K, reserved 1067008K
  class space    used 2654K, capacity 2805K, committed 2816K, reserved 1048576K
}
Event: 5.775 GC heap before
{Heap before GC invocations=7 (full 1):
 PSYoungGen      total 147968K, used 6080K [0x00000000d5580000, 0x00000000df580000, 0x0000000100000000)
  eden space 133120K, 0% used [0x00000000d5580000,0x00000000d5580000,0x00000000dd780000)
  from space 14848K, 40% used [0x00000000de700000,0x00000000decf00e0,0x00000000df580000)
  to   space 15360K, 0% used [0x00000000dd780000,0x00000000dd780000,0x00000000de680000)
 ParOldGen       total 87552K, used 19558K [0x0000000080000000, 0x0000000085580000, 0x00000000d5580000)
  object space 87552K, 22% used [0x0000000080000000,0x0000000081319990,0x0000000085580000)
 Metaspace       used 20770K, capacity 21206K, committed 21248K, reserved 1067008K
  class space    used 2654K, capacity 2805K, committed 2816K, reserved 1048576K
Event: 5.893 GC heap after
Heap after GC invocations=7 (full 1):
 PSYoungGen      total 147968K, used 0K [0x00000000d5580000, 0x00000000df580000, 0x0000000100000000)
  eden space 133120K, 0% used [0x00000000d5580000,0x00000000d5580000,0x00000000dd780000)
  from space 14848K, 0% used [0x00000000de700000,0x00000000de700000,0x00000000df580000)
  to   space 15360K, 0% used [0x00000000dd780000,0x00000000dd780000,0x00000000de680000)
 ParOldGen       total 76288K, used 20601K [0x0000000080000000, 0x0000000084a80000, 0x00000000d5580000)
  object space 76288K, 27% used [0x0000000080000000,0x000000008141e5b0,0x0000000084a80000)
 Metaspace       used 20770K, capacity 21206K, committed 21248K, reserved 1067008K
  class space    used 2654K, capacity 2805K, committed 2816K, reserved 1048576K
}

Deoptimization events (10 events):
Event: 7.585 Thread 0x0000020d91f60000 Uncommon trap: reason=unstable_if action=reinterpret pc=0x0000020d94551644 method=java.util.concurrent.ConcurrentHashMap.transfer([Ljava/util/concurrent/ConcurrentHashMap$Node;[Ljava/util/concurrent/ConcurrentHashMap$Node;)V @ 356
Event: 7.700 Thread 0x0000020d91f60000 Uncommon trap: reason=bimorphic action=maybe_recompile pc=0x0000020d94664860 method=java.util.regex.Matcher.search(I)Z @ 86
Event: 7.763 Thread 0x0000020d91f60000 Uncommon trap: reason=unstable_if action=reinterpret pc=0x0000020d93cce5f0 method=java.lang.String.replace(CC)Ljava/lang/String; @ 2
Event: 7.765 Thread 0x0000020d91f60000 Uncommon trap: reason=bimorphic action=maybe_recompile pc=0x0000020d93dba7fc method=java.net.URL.<init>(Ljava/net/URL;Ljava/lang/String;Ljava/net/URLStreamHandler;)V @ 504
Event: 7.822 Thread 0x0000020da9781800 Uncommon trap: reason=bimorphic action=maybe_recompile pc=0x0000020d945a6c90 method=java.util.regex.Pattern$Curly.match0(Ljava/util/regex/Matcher;IILjava/lang/CharSequence;)Z @ 170
Event: 7.822 Thread 0x0000020da9781800 Uncommon trap: reason=bimorphic action=maybe_recompile pc=0x0000020d945a6c90 method=java.util.regex.Pattern$Curly.match0(Ljava/util/regex/Matcher;IILjava/lang/CharSequence;)Z @ 170
Event: 7.822 Thread 0x0000020da9781800 Uncommon trap: reason=bimorphic action=maybe_recompile pc=0x0000020d945a6c90 method=java.util.regex.Pattern$Curly.match0(Ljava/util/regex/Matcher;IILjava/lang/CharSequence;)Z @ 170
Event: 7.822 Thread 0x0000020da9781800 Uncommon trap: reason=bimorphic action=maybe_recompile pc=0x0000020d945a6c90 method=java.util.regex.Pattern$Curly.match0(Ljava/util/regex/Matcher;IILjava/lang/CharSequence;)Z @ 170
Event: 7.834 Thread 0x0000020da9781800 Uncommon trap: reason=unstable_if action=reinterpret pc=0x0000020d9437d04c method=java.lang.ThreadLocal.get()Ljava/lang/Object; @ 11
Event: 11.341 Thread 0x0000020d91f60000 Uncommon trap: reason=unstable_if action=reinterpret pc=0x0000020d94528f44 method=com.google.gson.stream.JsonReader.nextQuotedValue(C)Ljava/lang/String; @ 81

Classes redefined (0 events):
No events

Internal exceptions (10 events):
Event: 8.393 Thread 0x0000020d91f60000 Exception <a 'java/lang/IncompatibleClassChangeError': Found class java.lang.Object, but interface was expected> (0x00000000d89d4308) thrown at [C:\jenkins\workspace\8-2-build-windows-amd64-cygwin\jdk8u321\2141\hotspot\src\share\vm\interpreter\linkResolve
Event: 8.398 Thread 0x0000020d91f60000 Exception <a 'java/lang/NoSuchMethodError': java.lang.Object.lambda$or$2(Ljava/util/function/Predicate;Ljava/lang/Object;)Z> (0x00000000d89e2218) thrown at [C:\jenkins\workspace\8-2-build-windows-amd64-cygwin\jdk8u321\2141\hotspot\src\share\vm\interpreter
Event: 8.444 Thread 0x0000020d91f60000 Exception <a 'java/lang/IncompatibleClassChangeError': Found class java.lang.Object, but interface was expected> (0x00000000d8e50e30) thrown at [C:\jenkins\workspace\8-2-build-windows-amd64-cygwin\jdk8u321\2141\hotspot\src\share\vm\interpreter\linkResolve
Event: 11.445 Thread 0x0000020d91f60000 Exception <a 'java/net/SocketTimeoutException': Read timed out> (0x00000000d9f3fb70) thrown at [C:\jenkins\workspace\8-2-build-windows-amd64-cygwin\jdk8u321\2141\hotspot\src\share\vm\prims\jni.cpp, line 737]
Event: 11.684 Thread 0x0000020d91f60000 Exception <a 'java/net/SocketTimeoutException': Read timed out> (0x00000000d9f74fa0) thrown at [C:\jenkins\workspace\8-2-build-windows-amd64-cygwin\jdk8u321\2141\hotspot\src\share\vm\prims\jni.cpp, line 737]
Event: 11.700 Thread 0x0000020d91f60000 Exception <a 'java/net/SocketTimeoutException': Read timed out> (0x00000000d9f8cbb8) thrown at [C:\jenkins\workspace\8-2-build-windows-amd64-cygwin\jdk8u321\2141\hotspot\src\share\vm\prims\jni.cpp, line 737]
Event: 11.780 Thread 0x0000020d91f60000 Exception <a 'java/net/SocketTimeoutException': Read timed out> (0x00000000da182490) thrown at [C:\jenkins\workspace\8-2-build-windows-amd64-cygwin\jdk8u321\2141\hotspot\src\share\vm\prims\jni.cpp, line 737]
Event: 15.833 Thread 0x0000020d91f60000 Exception <a 'java/net/SocketTimeoutException': Read timed out> (0x00000000da193f78) thrown at [C:\jenkins\workspace\8-2-build-windows-amd64-cygwin\jdk8u321\2141\hotspot\src\share\vm\prims\jni.cpp, line 737]
Event: 15.849 Thread 0x0000020d91f60000 Exception <a 'java/net/SocketTimeoutException': Read timed out> (0x00000000da194600) thrown at [C:\jenkins\workspace\8-2-build-windows-amd64-cygwin\jdk8u321\2141\hotspot\src\share\vm\prims\jni.cpp, line 737]
Event: 19.775 Thread 0x0000020d91f60000 Exception <a 'java/net/SocketTimeoutException': Read timed out> (0x00000000da21aec0) thrown at [C:\jenkins\workspace\8-2-build-windows-amd64-cygwin\jdk8u321\2141\hotspot\src\share\vm\prims\jni.cpp, line 737]

Events (10 events):
Event: 19.838 Thread 0x0000020da848a800 flushing nmethod 0x0000020d942c5c50
Event: 19.838 Thread 0x0000020da848a800 flushing nmethod 0x0000020d942d9910
Event: 19.838 Thread 0x0000020da848a800 flushing nmethod 0x0000020d942da010
Event: 19.838 Thread 0x0000020da848a800 flushing nmethod 0x0000020d942ec0d0
Event: 19.838 Thread 0x0000020da848a800 flushing nmethod 0x0000020d942f1790
Event: 19.838 Thread 0x0000020da848a800 flushing nmethod 0x0000020d942f2550
Event: 19.838 Thread 0x0000020da848a800 flushing nmethod 0x0000020d942f2a90
Event: 19.838 Thread 0x0000020da848a800 flushing nmethod 0x0000020d942ff1d0
Event: 19.838 Thread 0x0000020da848a800 flushing nmethod 0x0000020d94334cd0
Event: 19.838 Thread 0x0000020da848a800 flushing nmethod 0x0000020d9433abd0


Dynamic libraries:
0x00007ff76d7b0000 - 0x00007ff76d7f7000 	C:\Program Files\Java\jdk1.8.0_321\bin\javaw.exe
0x00007fffe4dd0000 - 0x00007fffe4fc8000 	C:\Windows\SYSTEM32\ntdll.dll
0x00007fffe4a40000 - 0x00007fffe4aff000 	C:\Windows\System32\KERNEL32.DLL
0x00007fffe2960000 - 0x00007fffe2c56000 	C:\Windows\System32\KERNELBASE.dll
0x00007fffe4170000 - 0x00007fffe421f000 	C:\Windows\System32\ADVAPI32.dll
0x00007fffe4c40000 - 0x00007fffe4cde000 	C:\Windows\System32\msvcrt.dll
0x00007fffe4720000 - 0x00007fffe47bc000 	C:\Windows\System32\sechost.dll
0x00007fffe3630000 - 0x00007fffe3756000 	C:\Windows\System32\RPCRT4.dll
0x00007fffe4220000 - 0x00007fffe43bd000 	C:\Windows\System32\USER32.dll
0x00007fffe2650000 - 0x00007fffe2672000 	C:\Windows\System32\win32u.dll
0x00007fffe3760000 - 0x00007fffe378c000 	C:\Windows\System32\GDI32.dll
0x00007fffe2680000 - 0x00007fffe2795000 	C:\Windows\System32\gdi32full.dll
0x00007fffe25b0000 - 0x00007fffe264d000 	C:\Windows\System32\msvcp_win.dll
0x00007fffe24b0000 - 0x00007fffe25b0000 	C:\Windows\System32\ucrtbase.dll
0x00007fffe0520000 - 0x00007fffe07ba000 	C:\Windows\WinSxS\amd64_microsoft.windows.common-controls_6595b64144ccf1df_6.0.19041.1110_none_60b5254171f9507e\COMCTL32.dll
0x00007fffe3e40000 - 0x00007fffe3e70000 	C:\Windows\System32\IMM32.DLL
0x00007fffb2ad0000 - 0x00007fffb2ba5000 	C:\Program Files\Windows Event Reporting\Core\EventReporting.ApplicationFilter.Monitor.Win64.dll
0x00007fffe3ee0000 - 0x00007fffe400a000 	C:\Windows\System32\ole32.dll
0x00007fffe43c0000 - 0x00007fffe4714000 	C:\Windows\System32\combase.dll
0x00007fffe28e0000 - 0x00007fffe2907000 	C:\Windows\System32\bcrypt.dll
0x00007fffd6ef0000 - 0x00007fffd6f88000 	C:\Windows\SYSTEM32\WINSPOOL.DRV
0x00007fffe27a0000 - 0x00007fffe2822000 	C:\Windows\System32\bcryptprimitives.dll
0x00007fffe0de0000 - 0x00007fffe0e13000 	C:\Windows\SYSTEM32\ntmarta.dll
0x0000020d920a0000 - 0x0000020d920b4000 	C:\Windows\System32\umppc16812.dll
0x00007fffe22c0000 - 0x00007fffe22f8000 	C:\Program Files\Citrix\System32\MfApHook64.dll
0x00007fffe21f0000 - 0x00007fffe2202000 	C:\Program Files\Citrix\IcaService\FullScreenHook64.dll
0x00007fffe2140000 - 0x00007fffe21ce000 	C:\Windows\SYSTEM32\MSVCP140.dll
0x00007fffd44f0000 - 0x00007fffd4505000 	C:\Program Files\Java\jdk1.8.0_321\bin\VCRUNTIME140.dll
0x00007fffe2130000 - 0x00007fffe213c000 	C:\Windows\SYSTEM32\VCRUNTIME140_1.dll
0x00007fffe1cb0000 - 0x00007fffe1cda000 	C:\Program Files\Citrix\ICAService\ShellHook64.dll
0x0000020d93910000 - 0x0000020d93965000 	C:\Windows\System32\SHLWAPI.dll
0x00007fffe1ba0000 - 0x00007fffe1caf000 	C:\Program Files\Citrix\IcaService\SCardHook64.dll
0x00007fffe1b00000 - 0x00007fffe1b20000 	C:\Program Files\Citrix\ICAService\cxinjime64.dll
0x00007fffe1ad0000 - 0x00007fffe1afc000 	C:\Program Files\Citrix\ICAService\PicaWtsHook64.dll
0x00007fffd2760000 - 0x00007fffd2775000 	C:\Program Files\Java\jdk1.8.0_321\jre\bin\vcruntime140.dll
0x00007fffb4900000 - 0x00007fffb499b000 	C:\Program Files\Java\jdk1.8.0_321\jre\bin\msvcp140.dll
0x00000000758c0000 - 0x0000000076121000 	C:\Program Files\Java\jdk1.8.0_321\jre\bin\server\jvm.dll
0x00007fffe3ed0000 - 0x00007fffe3ed8000 	C:\Windows\System32\PSAPI.DLL
0x00007fffc9e60000 - 0x00007fffc9e69000 	C:\Windows\SYSTEM32\WSOCK32.dll
0x00007fffe3840000 - 0x00007fffe38ab000 	C:\Windows\System32\WS2_32.dll
0x00007fffd6d80000 - 0x00007fffd6da7000 	C:\Windows\SYSTEM32\WINMM.dll
0x00007fffe20a0000 - 0x00007fffe20aa000 	C:\Windows\SYSTEM32\VERSION.dll
0x00007fffe0380000 - 0x00007fffe0392000 	C:\Windows\SYSTEM32\kernel.appcore.dll
0x00007fffd44e0000 - 0x00007fffd44f0000 	C:\Program Files\Java\jdk1.8.0_321\jre\bin\verify.dll
0x00007fffd24e0000 - 0x00007fffd250b000 	C:\Program Files\Java\jdk1.8.0_321\jre\bin\java.dll
0x00007fffd0a70000 - 0x00007fffd0a88000 	C:\Program Files\Java\jdk1.8.0_321\jre\bin\zip.dll
0x00007fffe2e30000 - 0x00007fffe3574000 	C:\Windows\System32\SHELL32.dll
0x00007fffdf5b0000 - 0x00007fffdfd43000 	C:\Windows\SYSTEM32\windows.storage.dll
0x00007fffe1710000 - 0x00007fffe173e000 	C:\Windows\SYSTEM32\Wldp.dll
0x00007fffe3790000 - 0x00007fffe383d000 	C:\Windows\System32\SHCORE.dll
0x00007fffe23f0000 - 0x00007fffe240f000 	C:\Windows\SYSTEM32\profapi.dll
0x00007fffd09b0000 - 0x00007fffd09cc000 	C:\Program Files\Java\jdk1.8.0_321\jre\bin\net.dll
0x00007fffe1420000 - 0x00007fffe148a000 	C:\Windows\system32\mswsock.dll
0x00007fffe1160000 - 0x00007fffe122b000 	C:\Windows\SYSTEM32\DNSAPI.dll
0x00007fffe1120000 - 0x00007fffe115c000 	C:\Windows\SYSTEM32\IPHLPAPI.DLL
0x00007fffe4a30000 - 0x00007fffe4a38000 	C:\Windows\System32\NSI.dll
0x00007fffd9e70000 - 0x00007fffd9e7a000 	C:\Windows\System32\rasadhlp.dll
0x00007fffdc330000 - 0x00007fffdc3b2000 	C:\Windows\System32\fwpuclnt.dll
0x00007fffc2a70000 - 0x00007fffc2a94000 	C:\Program Files\Java\jdk1.8.0_321\jre\bin\sunec.dll
0x00007fffdbf00000 - 0x00007fffdbf17000 	C:\Windows\SYSTEM32\dhcpcsvc6.DLL
0x00007fffdbd10000 - 0x00007fffdbd2d000 	C:\Windows\SYSTEM32\dhcpcsvc.DLL
0x00007fffc2e60000 - 0x00007fffc2e73000 	C:\Program Files\Java\jdk1.8.0_321\jre\bin\nio.dll
0x00007fffe1610000 - 0x00007fffe1628000 	C:\Windows\SYSTEM32\CRYPTSP.dll
0x00007fffe0d50000 - 0x00007fffe0d84000 	C:\Windows\system32\rsaenh.dll
0x00007fffe2370000 - 0x00007fffe239e000 	C:\Windows\SYSTEM32\USERENV.dll
0x00007fffe1630000 - 0x00007fffe163c000 	C:\Windows\SYSTEM32\CRYPTBASE.dll
0x00007fffdfd50000 - 0x00007fffdff34000 	C:\Windows\SYSTEM32\dbghelp.dll

VM Arguments:
jvm_args: -ea -Dfile.encoding=Cp1252 
java_command: org.eclipse.jdt.internal.junit.runner.RemoteTestRunner -version 3 -port 53880 -testLoaderClass org.eclipse.jdt.internal.junit4.runner.JUnit4TestLoader -loaderpluginname org.eclipse.jdt.junit4.runtime -classNames online.TestRunner.Runner_Revised
java_class_path (initial): C:\MM\Provenir_Automation_Working\Provenir_CAN\target\test-classes;C:\MM\Provenir_Automation_Working\Provenir_CAN\target\classes;C:\Users\91223\.m2\repository\info\cukes\cucumber-java\1.2.5\cucumber-java-1.2.5.jar;C:\Users\91223\.m2\repository\info\cukes\cucumber-core\1.2.5\cucumber-core-1.2.5.jar;C:\Users\91223\.m2\repository\commons-io\commons-io\2.11.0\commons-io-2.11.0.jar;C:\Users\91223\.m2\repository\org\apache\servicemix\bundles\org.apache.servicemix.bundles.poi\4.1.2_1\org.apache.servicemix.bundles.poi-4.1.2_1.jar;C:\Users\91223\.m2\repository\com\github\virtuald\curvesapi\1.05\curvesapi-1.05.jar;C:\Users\91223\.m2\repository\com\github\virtuald\curvesapi\1.05\curvesapi-1.05-sources.jar;C:\Users\91223\.m2\repository\org\apache\xmlbeans\xmlbeans\3.0.2\xmlbeans-3.0.2.jar;C:\Users\91223\.m2\repository\org\apache\commons\commons-collections4\4.4\commons-collections4-4.4.jar;C:\Users\91223\.m2\repository\org\apache\commons\commons-compress\1.20\commons-compress-1.20.jar;C:\Users\91223\.m2\repository\com\microsoft\sqlserver\mssql-jdbc\10.2.0.jre8\mssql-jdbc-10.2.0.jre8.jar;C:\Users\91223\.m2\repository\net\sourceforge\jtds\jtds\1.3.1\jtds-1.3.1.jar;C:\Users\91223\.m2\repository\junit\junit\4.13.2\junit-4.13.2.jar;C:\Users\91223\.m2\repository\org\hamcrest\hamcrest-core\1.3\hamcrest-core-1.3.jar;C:\Users\91223\.m2\repository\info\cukes\cucumber-junit\1.2.5\cucumber-junit-1.2.5.jar;C:\Users\91223\.m2\repository\org\influxdb\influxdb-java\2.12\influxdb-java-2.12.jar;C:\Users\91223\.m2\repository\com\squareup\retrofit2\retrofit\2.4.0\retrofit-2.4.0.jar;C:\Users\91223\.m2\repository\com\squareup\retrofit2\converter-moshi\2.4.0\converter-moshi-2.4.0.jar;C:\Users\91223\.m2\repository\com\squareup\moshi\moshi\1.5.0\moshi-1.5.0.jar;C:\Users\91223\.m2\repository\org\msgpack\msgpack-core\0.8.16\msgpack-core-0.8.16.jar;C:\Users\91223\.m2\repository\com\squareup\okhttp3\okhttp\3.11.0\okhttp-3.11.0.jar;C:\Users\91223\.m2\repository\com\squareup\okio
Launcher Type: SUN_STANDARD

Environment Variables:
JAVA_HOME=C:\Program Files\Java\jdk1.8.0_321
PATH=C:/softwares/eclipse//plugins/org.eclipse.justj.openjdk.hotspot.jre.full.win32.x86_64_17.0.2.v20220201-1208/jre/bin/server;C:/softwares/eclipse//plugins/org.eclipse.justj.openjdk.hotspot.jre.full.win32.x86_64_17.0.2.v20220201-1208/jre/bin;C:\Program Files\Common Files\Oracle\Java\javapath;C:\Program Files (x86)\Common Files\Oracle\Java\javapath;C:\Python310\Scripts\;C:\Python310\;C:\Windows\system32;C:\Windows;C:\Windows\System32\Wbem;C:\Windows\System32\WindowsPowerShell\v1.0\;C:\Windows\System32\OpenSSH\;C:\Program Files\Citrix\System32\;C:\Program Files\Citrix\ICAService\;C:\Program Files\nodejs\;C:\ProgramData\chocolatey\bin;C:\Program Files\Android\Android Studio\bin;C:\Program Files (x86)\Microsoft SQL Server\150\DTS\Binn\;C:\Users\91151\AppData\Local\Android\Sdk\platform-tools;C:\Users\91151\AppData\Local\Android\Sdk\tools;C:\Users\91151\AppData\Local\Android\Sdk\tools\bin;C:\Program Files\Java\jdk1.8.0_321\bin;C:\Program Files\Git\cmd;C:\softwares\apache-maven-3.8.5\bin;C:\Program Files (x86)\Microsoft SQL Server\160\DTS\Binn\;C:\Program Files\Azure Data Studio\bin;C:\Users\91223\AppData\Local\Microsoft\WindowsApps;;C:\Program Files\Azure Data Studio\bin;C:\softwares\eclipse;
USERNAME=91223
OS=Windows_NT
PROCESSOR_IDENTIFIER=Intel64 Family 6 Model 85 Stepping 7, GenuineIntel



---------------  S Y S T E M  ---------------

OS: Windows 10 , 64 bit Build 19041 (10.0.19041.2913)

CPU:total 2 (initial active 2) (2 cores per cpu, 1 threads per core) family 6 model 85 stepping 7, cmov, cx8, fxsr, mmx, sse, sse2, sse3, ssse3, sse4.1, sse4.2, popcnt, avx, avx2, aes, clmul, erms, 3dnowpref, lzcnt, tsc, tscinvbit, bmi1, bmi2, adx

Memory: 4k page, physical 8387616k(398724k free), swap 9697948k(3096k free)

vm_info: Java HotSpot(TM) 64-Bit Server VM (25.321-b07) for windows-amd64 JRE (1.8.0_321-b07), built on Dec 15 2021 11:19:20 by "java_re" with MS VC++ 15.9 (VS2017)

time: Thu Jul 27 15:22:52 2023
timezone: India Standard Time
elapsed time: 19.892356 seconds (0d 0h 0m 19s)

